08 Apr 2024 00:32:25,587 INFO  agentie.persistence.DBRepos.AngajatDBRepo 22 <init> - Initializing AngajatDBRepo with properties: {jdbc.password=pinguin, jdbc.user=postgres, agentie.server.port=55556, jdbc.url=jdbc:postgresql://localhost:5432/agentiedeturism} 
08 Apr 2024 00:32:25,587 INFO  agentie.persistence.DBRepos.ExcursieDBRepo 22 <init> - Initializing ExcursieDBRepo with properties: {jdbc.password=pinguin, jdbc.user=postgres, agentie.server.port=55556, jdbc.url=jdbc:postgresql://localhost:5432/agentiedeturism} 
08 Apr 2024 00:32:25,587 INFO  agentie.persistence.DBRepos.RezervareDBRepo 22 <init> - Initializing RezervareDBRepo with properties: {jdbc.password=pinguin, jdbc.user=postgres, agentie.server.port=55556, jdbc.url=jdbc:postgresql://localhost:5432/agentiedeturism} 
08 Apr 2024 00:32:37,934 TRACE agentie.persistence.DBRepos.AngajatDBRepo 162 findOneByUsername - Enter finding angajat with username test1
08 Apr 2024 00:32:37,935 TRACE agentie.persistence.JdbcUtils 48 getConnection - Enter
08 Apr 2024 00:32:37,935 TRACE agentie.persistence.JdbcUtils 25 getNewConnection - Enter
08 Apr 2024 00:32:37,935 INFO  agentie.persistence.JdbcUtils 30 getNewConnection - trying to connect to database ... jdbc:postgresql://localhost:5432/agentiedeturism
08 Apr 2024 00:32:37,935 INFO  agentie.persistence.JdbcUtils 31 getNewConnection - user: postgres
08 Apr 2024 00:32:37,935 INFO  agentie.persistence.JdbcUtils 32 getNewConnection - pass: pinguin
08 Apr 2024 00:32:38,136 TRACE agentie.persistence.JdbcUtils 57 getConnection - Exit with(org.postgresql.jdbc.PgConnection@650778d0)
08 Apr 2024 00:32:38,160 TRACE agentie.persistence.DBRepos.AngajatDBRepo 175 findOneByUsername - Exit with(Angajat{nume='test1', prenume='test1', username='test1', password='1b4f0e9851971998e732078544c96b36c3d01cedf7caa332359d6f1d83567014', agentieTurism='test1'})
10 Apr 2024 13:54:45,294 INFO  agentie.persistence.DBRepos.AngajatDBRepo 22 <init> - Initializing AngajatDBRepo with properties: {jdbc.password=pinguin, jdbc.user=postgres, agentie.server.port=55556, jdbc.url=jdbc:postgresql://localhost:5432/agentiedeturism} 
10 Apr 2024 13:54:45,294 INFO  agentie.persistence.DBRepos.ExcursieDBRepo 22 <init> - Initializing ExcursieDBRepo with properties: {jdbc.password=pinguin, jdbc.user=postgres, agentie.server.port=55556, jdbc.url=jdbc:postgresql://localhost:5432/agentiedeturism} 
10 Apr 2024 13:54:45,294 INFO  agentie.persistence.DBRepos.RezervareDBRepo 22 <init> - Initializing RezervareDBRepo with properties: {jdbc.password=pinguin, jdbc.user=postgres, agentie.server.port=55556, jdbc.url=jdbc:postgresql://localhost:5432/agentiedeturism} 
10 Apr 2024 13:55:03,241 TRACE agentie.persistence.DBRepos.AngajatDBRepo 162 findOneByUsername - Enter finding angajat with username test1
10 Apr 2024 13:55:03,242 TRACE agentie.persistence.JdbcUtils 48 getConnection - Enter
10 Apr 2024 13:55:03,242 TRACE agentie.persistence.JdbcUtils 25 getNewConnection - Enter
10 Apr 2024 13:55:03,242 INFO  agentie.persistence.JdbcUtils 30 getNewConnection - trying to connect to database ... jdbc:postgresql://localhost:5432/agentiedeturism
10 Apr 2024 13:55:03,242 INFO  agentie.persistence.JdbcUtils 31 getNewConnection - user: postgres
10 Apr 2024 13:55:03,242 INFO  agentie.persistence.JdbcUtils 32 getNewConnection - pass: pinguin
10 Apr 2024 13:55:03,437 TRACE agentie.persistence.JdbcUtils 57 getConnection - Exit with(org.postgresql.jdbc.PgConnection@38732e5f)
10 Apr 2024 13:55:03,456 TRACE agentie.persistence.DBRepos.AngajatDBRepo 175 findOneByUsername - Exit with(Angajat{nume='test1', prenume='test1', username='test1', password='1b4f0e9851971998e732078544c96b36c3d01cedf7caa332359d6f1d83567014', agentieTurism='test1'})
10 Apr 2024 13:55:04,472 TRACE agentie.persistence.DBRepos.ExcursieDBRepo 55 findAll - Enter
10 Apr 2024 13:55:04,473 TRACE agentie.persistence.JdbcUtils 48 getConnection - Enter
10 Apr 2024 13:55:04,473 TRACE agentie.persistence.JdbcUtils 25 getNewConnection - Enter
10 Apr 2024 13:55:04,473 INFO  agentie.persistence.JdbcUtils 30 getNewConnection - trying to connect to database ... jdbc:postgresql://localhost:5432/agentiedeturism
10 Apr 2024 13:55:04,473 INFO  agentie.persistence.JdbcUtils 31 getNewConnection - user: postgres
10 Apr 2024 13:55:04,473 INFO  agentie.persistence.JdbcUtils 32 getNewConnection - pass: pinguin
10 Apr 2024 13:55:04,497 TRACE agentie.persistence.JdbcUtils 57 getConnection - Exit with(org.postgresql.jdbc.PgConnection@b11361b)
10 Apr 2024 13:55:04,504 TRACE agentie.persistence.DBRepos.ExcursieDBRepo 72 findAll - Exit with([Excursie{obiectivTuristic='Sinaia Monastery', numeFirmaTransport='Transylvanian Trips', oraPlecare=2024-04-11T12:00, nrLocuriDisponibile=45, pret=90.0}, Excursie{obiectivTuristic='Brasov Old Town', numeFirmaTransport='Historical Journeys', oraPlecare=2024-04-12T09:30, nrLocuriDisponibile=55, pret=110.0}, Excursie{obiectivTuristic='Piatra Craiului National Park', numeFirmaTransport='Nature Explorers', oraPlecare=2024-04-13T13:45, nrLocuriDisponibile=25, pret=130.0}, Excursie{obiectivTuristic='Bucegi Mountains', numeFirmaTransport='Adventure Tours', oraPlecare=2024-04-10T08:45, nrLocuriDisponibile=21, pret=150.0}, Excursie{obiectivTuristic='Peles Castle', numeFirmaTransport='Tourism Express', oraPlecare=2024-04-08T10:30, nrLocuriDisponibile=6, pret=120.0}, Excursie{obiectivTuristic='Castle Bran', numeFirmaTransport='Travel Co.', oraPlecare=2024-04-07T09:00, nrLocuriDisponibile=0, pret=100.0}, Excursie{obiectivTuristic='Rasnov Citadel', numeFirmaTransport='Explore Tours', oraPlecare=2024-04-09T11:15, nrLocuriDisponibile=0, pret=80.0}])
10 Apr 2024 13:55:17,812 TRACE agentie.persistence.DBRepos.ExcursieDBRepo 161 cautaExcursii - Enter cautare excursii cu obiectivul peles castle intre orele 0 si 24
10 Apr 2024 13:55:17,812 TRACE agentie.persistence.JdbcUtils 48 getConnection - Enter
10 Apr 2024 13:55:17,812 TRACE agentie.persistence.JdbcUtils 57 getConnection - Exit with(org.postgresql.jdbc.PgConnection@b11361b)
10 Apr 2024 13:55:17,814 TRACE agentie.persistence.DBRepos.ExcursieDBRepo 182 cautaExcursii - Exit with([Excursie{obiectivTuristic='Peles Castle', numeFirmaTransport='Tourism Express', oraPlecare=2024-04-08T10:30, nrLocuriDisponibile=6, pret=120.0}])
10 Apr 2024 13:55:32,774 TRACE agentie.persistence.DBRepos.RezervareDBRepo 112 save - Enter saving rezervare Rezervare{numeClient='fasdfas', numarTelefonClient='7444', nrBilete=5, excursie=Excursie{obiectivTuristic='Peles Castle', numeFirmaTransport='Tourism Express', oraPlecare=2024-04-08T10:30, nrLocuriDisponibile=6, pret=120.0}} 
10 Apr 2024 13:55:32,774 TRACE agentie.persistence.JdbcUtils 48 getConnection - Enter
10 Apr 2024 13:55:32,774 TRACE agentie.persistence.JdbcUtils 25 getNewConnection - Enter
10 Apr 2024 13:55:32,774 INFO  agentie.persistence.JdbcUtils 30 getNewConnection - trying to connect to database ... jdbc:postgresql://localhost:5432/agentiedeturism
10 Apr 2024 13:55:32,774 INFO  agentie.persistence.JdbcUtils 31 getNewConnection - user: postgres
10 Apr 2024 13:55:32,775 INFO  agentie.persistence.JdbcUtils 32 getNewConnection - pass: pinguin
10 Apr 2024 13:55:32,798 TRACE agentie.persistence.JdbcUtils 57 getConnection - Exit with(org.postgresql.jdbc.PgConnection@592ca55a)
10 Apr 2024 13:55:32,800 TRACE agentie.persistence.DBRepos.RezervareDBRepo 126 save - Saved 1 instances
10 Apr 2024 13:55:32,800 TRACE agentie.persistence.DBRepos.RezervareDBRepo 127 save - Exit
10 Apr 2024 13:55:33,815 TRACE agentie.persistence.DBRepos.ExcursieDBRepo 134 update - Enter updating excursie Excursie{obiectivTuristic='Peles Castle', numeFirmaTransport='Tourism Express', oraPlecare=2024-04-08T10:30, nrLocuriDisponibile=1, pret=120.0} 
10 Apr 2024 13:55:33,815 TRACE agentie.persistence.JdbcUtils 48 getConnection - Enter
10 Apr 2024 13:55:33,815 TRACE agentie.persistence.JdbcUtils 57 getConnection - Exit with(org.postgresql.jdbc.PgConnection@b11361b)
10 Apr 2024 13:55:33,818 TRACE agentie.persistence.DBRepos.ExcursieDBRepo 149 update - Updated 1 instances
10 Apr 2024 13:55:33,818 TRACE agentie.persistence.DBRepos.ExcursieDBRepo 150 update - Exit
